<?xml version="1.0" encoding="UTF-8"?>
<testsuite xmlns:xsi="http://www.w3.org/2001/XMLSchema-instance" xsi:noNamespaceSchemaLocation="https://maven.apache.org/surefire/maven-surefire-plugin/xsd/surefire-test-report-3.0.xsd" version="3.0" name="com.demo.ContactManagerTest" time="0.393" tests="18" errors="0" skipped="0" failures="0">
  <properties>
[...]
</properties>
  <testcase name="testGetAllContacts_EmptyStore_ReturnsEmptyList" classname="com.demo.ContactManagerTest" time="0.068"/>
  <testcase name="testGetContact_ValidId_ReturnsCorrectContact" classname="com.demo.ContactManagerTest" time="0.006"/>
  <testcase name="testAddContact_ValidInput_ContactCreated" classname="com.demo.ContactManagerTest" time="0.002"/>
  <testcase name="testDeleteContact_InvalidId_ReturnsFalse" classname="com.demo.ContactManagerTest" time="0.053"/>
  <testcase name="testDeleteContact_DecreasesCount" classname="com.demo.ContactManagerTest" time="0.005"/>
  <testcase name="testDeleteContact_ValidId_DeletesSuccessfully" classname="com.demo.ContactManagerTest" time="0.014"/>
  <testcase name="testUpdateContact_PartialUpdate_OnlyChangesProvided" classname="com.demo.ContactManagerTest" time="0.004"/>
  <testcase name="testAddContact_NullPhone_ThrowsException" classname="com.demo.ContactManagerTest" time="0.004"/>
  <testcase name="testDeleteContact_AlreadyDeleted_ReturnsFalse" classname="com.demo.ContactManagerTest" time="0.001"/>
  <testcase name="testAddContact_IncreasesCount" classname="com.demo.ContactManagerTest" time="0.001"/>
  <testcase name="testUpdateContact_InvalidId_ReturnsFalse" classname="com.demo.ContactManagerTest" time="0.001"/>
  <testcase name="testAddContact_NullEmail_ThrowsException" classname="com.demo.ContactManagerTest" time="0.002"/>
  <testcase name="testUpdateContact_ValidId_UpdatesSuccessfully" classname="com.demo.ContactManagerTest" time="0.008"/>
  <testcase name="testAddContact_NullName_ThrowsException" classname="com.demo.ContactManagerTest" time="0.006"/>
  <testcase name="testAddContact_EmptyName_ThrowsException" classname="com.demo.ContactManagerTest" time="0.007"/>
  <testcase name="testAddContact_AssignsUniqueIds" classname="com.demo.ContactManagerTest" time="0.005"/>
  <testcase name="testGetContact_InvalidId_ReturnsNull" classname="com.demo.ContactManagerTest" time="0.001"/>
  <testcase name="testGetAllContacts_ReturnsAllAdded" classname="com.demo.ContactManagerTest" time="0.001"/>
</testsuite>